2024-12-17 20:17:50,407 ERROR Internal Server Error: /categories/2 C:\Users\HarD\PycharmProjects\NewsPortal\.venv\Lib\site-packages\django\utils\log.py (<class 'django.template.exceptions.TemplateDoesNotExist'>, TemplateDoesNotExist('category_list1.html, news/post_list.html'), <traceback object at 0x0000019E9EC3EB40>)
Traceback (most recent call last):
  File "C:\Users\HarD\PycharmProjects\NewsPortal\.venv\Lib\site-packages\django\core\handlers\exception.py", line 55, in inner
    response = get_response(request)
               ^^^^^^^^^^^^^^^^^^^^^
  File "C:\Users\HarD\PycharmProjects\NewsPortal\.venv\Lib\site-packages\django\core\handlers\base.py", line 220, in _get_response
    response = response.render()
               ^^^^^^^^^^^^^^^^^
  File "C:\Users\HarD\PycharmProjects\NewsPortal\.venv\Lib\site-packages\django\template\response.py", line 114, in render
    self.content = self.rendered_content
                   ^^^^^^^^^^^^^^^^^^^^^
  File "C:\Users\HarD\PycharmProjects\NewsPortal\.venv\Lib\site-packages\django\template\response.py", line 90, in rendered_content
    template = self.resolve_template(self.template_name)
               ^^^^^^^^^^^^^^^^^^^^^^^^^^^^^^^^^^^^^^^^^
  File "C:\Users\HarD\PycharmProjects\NewsPortal\.venv\Lib\site-packages\django\template\response.py", line 72, in resolve_template
    return select_template(template, using=self.using)
           ^^^^^^^^^^^^^^^^^^^^^^^^^^^^^^^^^^^^^^^^^^^
  File "C:\Users\HarD\PycharmProjects\NewsPortal\.venv\Lib\site-packages\django\template\loader.py", line 47, in select_template
    raise TemplateDoesNotExist(", ".join(template_name_list), chain=chain)
django.template.exceptions.TemplateDoesNotExist: category_list1.html, news/post_list.html
2024-12-17 20:17:51,413 ERROR "GET /categories/2 HTTP/1.1" 500 145 C:\Users\HarD\PycharmProjects\NewsPortal\.venv\Lib\site-packages\django\core\servers\basehttp.py None
